<?xml version="1.0" encoding="UTF-8"?>
<coverage generated="1712609119644" clover="3.2.0">
  <project timestamp="1712609119644" name="All files">
    <metrics statements="17" coveredstatements="16" conditionals="17" coveredconditionals="16" methods="1" coveredmethods="1" elements="35" coveredelements="33" complexity="0" loc="17" ncloc="17" packages="1" files="1" classes="1"/>
    <file name="services.js" path="/Users/cruxman/BIT/44-grupe/44-grupe-portfolio/js/components/services.js">
      <metrics statements="17" coveredstatements="16" conditionals="17" coveredconditionals="16" methods="1" coveredmethods="1"/>
      <line num="2" count="20" type="cond" truecount="4" falsecount="0"/>
      <line num="3" count="7" type="stmt"/>
      <line num="5" count="13" type="cond" truecount="4" falsecount="0"/>
      <line num="6" count="9" type="stmt"/>
      <line num="9" count="4" type="stmt"/>
      <line num="11" count="4" type="cond" truecount="2" falsecount="0"/>
      <line num="12" count="2" type="stmt"/>
      <line num="15" count="2" type="stmt"/>
      <line num="17" count="2" type="stmt"/>
      <line num="18" count="8" type="cond" truecount="2" falsecount="0"/>
      <line num="23" count="7" type="stmt"/>
      <line num="26" count="1" type="stmt"/>
      <line num="28" count="1" type="cond" truecount="1" falsecount="1"/>
      <line num="31" count="0" type="stmt"/>
      <line num="34" count="1" type="stmt"/>
      <line num="41" count="2" type="stmt"/>
      <line num="43" count="2" type="stmt"/>
    </file>
  </project>
</coverage>
