{"/Users/cruxman/BIT/44-grupe/44-grupe-portfolio/data/etLinesIconsData.js": {"path":"/Users/cruxman/BIT/44-grupe/44-grupe-portfolio/data/etLinesIconsData.js","statementMap":{"0":{"start":{"line":1,"column":25},"end":{"line":102,"column":1}}},"fnMap":{},"branchMap":{},"s":{"0":1},"f":{},"b":{},"_coverageSchema":"1a1c01bbd47fc00a2c39e90264f33305004495a9","hash":"b05dd696dcb58d0b0a0936b799123b79dc56bbc2"}
,"/Users/cruxman/BIT/44-grupe/44-grupe-portfolio/js/components/services.js": {"path":"/Users/cruxman/BIT/44-grupe/44-grupe-portfolio/js/components/services.js","statementMap":{"0":{"start":{"line":4,"column":4},"end":{"line":4,"column":56}},"1":{"start":{"line":9,"column":8},"end":{"line":10,"column":20}},"2":{"start":{"line":12,"column":4},"end":{"line":16,"column":5}},"3":{"start":{"line":13,"column":8},"end":{"line":15,"column":9}},"4":{"start":{"line":14,"column":12},"end":{"line":14,"column":25}},"5":{"start":{"line":18,"column":4},"end":{"line":18,"column":16}},"6":{"start":{"line":22,"column":4},"end":{"line":24,"column":5}},"7":{"start":{"line":23,"column":8},"end":{"line":23,"column":21}},"8":{"start":{"line":26,"column":4},"end":{"line":28,"column":5}},"9":{"start":{"line":27,"column":8},"end":{"line":27,"column":21}},"10":{"start":{"line":30,"column":24},"end":{"line":30,"column":57}},"11":{"start":{"line":32,"column":4},"end":{"line":34,"column":5}},"12":{"start":{"line":33,"column":8},"end":{"line":33,"column":21}},"13":{"start":{"line":36,"column":15},"end":{"line":36,"column":17}},"14":{"start":{"line":38,"column":4},"end":{"line":66,"column":5}},"15":{"start":{"line":39,"column":8},"end":{"line":45,"column":9}},"16":{"start":{"line":44,"column":12},"end":{"line":44,"column":21}},"17":{"start":{"line":47,"column":21},"end":{"line":47,"column":41}},"18":{"start":{"line":49,"column":8},"end":{"line":59,"column":9}},"19":{"start":{"line":58,"column":12},"end":{"line":58,"column":21}},"20":{"start":{"line":61,"column":8},"end":{"line":65,"column":24}},"21":{"start":{"line":68,"column":4},"end":{"line":68,"column":33}},"22":{"start":{"line":70,"column":4},"end":{"line":70,"column":16}}},"fnMap":{"0":{"name":"isNonEmptyString","decl":{"start":{"line":3,"column":9},"end":{"line":3,"column":25}},"loc":{"start":{"line":3,"column":31},"end":{"line":5,"column":1}},"line":3},"1":{"name":"containsAllowedSymbols","decl":{"start":{"line":7,"column":9},"end":{"line":7,"column":31}},"loc":{"start":{"line":7,"column":56},"end":{"line":19,"column":1}},"line":7},"2":{"name":"services","decl":{"start":{"line":21,"column":9},"end":{"line":21,"column":17}},"loc":{"start":{"line":21,"column":34},"end":{"line":71,"column":1}},"line":21}},"branchMap":{"0":{"loc":{"start":{"line":4,"column":11},"end":{"line":4,"column":55}},"type":"binary-expr","locations":[{"start":{"line":4,"column":11},"end":{"line":4,"column":34}},{"start":{"line":4,"column":38},"end":{"line":4,"column":55}}],"line":4},"1":{"loc":{"start":{"line":7,"column":37},"end":{"line":7,"column":54}},"type":"default-arg","locations":[{"start":{"line":7,"column":52},"end":{"line":7,"column":54}}],"line":7},"2":{"loc":{"start":{"line":13,"column":8},"end":{"line":15,"column":9}},"type":"if","locations":[{"start":{"line":13,"column":8},"end":{"line":15,"column":9}},{"start":{},"end":{}}],"line":13},"3":{"loc":{"start":{"line":22,"column":4},"end":{"line":24,"column":5}},"type":"if","locations":[{"start":{"line":22,"column":4},"end":{"line":24,"column":5}},{"start":{},"end":{}}],"line":22},"4":{"loc":{"start":{"line":22,"column":8},"end":{"line":22,"column":55}},"type":"binary-expr","locations":[{"start":{"line":22,"column":8},"end":{"line":22,"column":36}},{"start":{"line":22,"column":40},"end":{"line":22,"column":55}}],"line":22},"5":{"loc":{"start":{"line":26,"column":4},"end":{"line":28,"column":5}},"type":"if","locations":[{"start":{"line":26,"column":4},"end":{"line":28,"column":5}},{"start":{},"end":{}}],"line":26},"6":{"loc":{"start":{"line":26,"column":8},"end":{"line":26,"column":49}},"type":"binary-expr","locations":[{"start":{"line":26,"column":8},"end":{"line":26,"column":28}},{"start":{"line":26,"column":32},"end":{"line":26,"column":49}}],"line":26},"7":{"loc":{"start":{"line":32,"column":4},"end":{"line":34,"column":5}},"type":"if","locations":[{"start":{"line":32,"column":4},"end":{"line":34,"column":5}},{"start":{},"end":{}}],"line":32},"8":{"loc":{"start":{"line":39,"column":8},"end":{"line":45,"column":9}},"type":"if","locations":[{"start":{"line":39,"column":8},"end":{"line":45,"column":9}},{"start":{},"end":{}}],"line":39},"9":{"loc":{"start":{"line":40,"column":12},"end":{"line":42,"column":34}},"type":"binary-expr","locations":[{"start":{"line":40,"column":12},"end":{"line":40,"column":39}},{"start":{"line":41,"column":12},"end":{"line":41,"column":28}},{"start":{"line":42,"column":12},"end":{"line":42,"column":34}}],"line":40},"10":{"loc":{"start":{"line":49,"column":8},"end":{"line":59,"column":9}},"type":"if","locations":[{"start":{"line":49,"column":8},"end":{"line":59,"column":9}},{"start":{},"end":{}}],"line":49},"11":{"loc":{"start":{"line":50,"column":12},"end":{"line":56,"column":52}},"type":"binary-expr","locations":[{"start":{"line":50,"column":12},"end":{"line":50,"column":29}},{"start":{"line":51,"column":12},"end":{"line":51,"column":43}},{"start":{"line":52,"column":12},"end":{"line":52,"column":44}},{"start":{"line":53,"column":12},"end":{"line":53,"column":43}},{"start":{"line":54,"column":12},"end":{"line":54,"column":56}},{"start":{"line":55,"column":12},"end":{"line":55,"column":59}},{"start":{"line":56,"column":12},"end":{"line":56,"column":52}}],"line":50}},"s":{"0":35,"1":11,"2":11,"3":478,"4":1,"5":10,"6":24,"7":6,"8":18,"9":9,"10":9,"11":9,"12":2,"13":7,"14":7,"15":25,"16":7,"17":18,"18":18,"19":14,"20":4,"21":7,"22":7},"f":{"0":35,"1":11,"2":24},"b":{"0":[35,31],"1":[0],"2":[1,477],"3":[6,18],"4":[24,19],"5":[9,9],"6":[18,10],"7":[2,7],"8":[7,18],"9":[25,20,19],"10":[14,4],"11":[18,14,12,9,6,5,5]},"_coverageSchema":"1a1c01bbd47fc00a2c39e90264f33305004495a9","hash":"5057a6a88a9d0db159fd3ff322206403e027dc24"}
}
