{"/Users/cruxman/BIT/44-grupe/44-grupe-portfolio/js/components/services.js": {"path":"/Users/cruxman/BIT/44-grupe/44-grupe-portfolio/js/components/services.js","statementMap":{"0":{"start":{"line":2,"column":4},"end":{"line":4,"column":5}},"1":{"start":{"line":3,"column":8},"end":{"line":3,"column":21}},"2":{"start":{"line":5,"column":4},"end":{"line":7,"column":5}},"3":{"start":{"line":6,"column":8},"end":{"line":6,"column":21}},"4":{"start":{"line":9,"column":24},"end":{"line":9,"column":57}},"5":{"start":{"line":11,"column":4},"end":{"line":13,"column":5}},"6":{"start":{"line":12,"column":8},"end":{"line":12,"column":21}},"7":{"start":{"line":15,"column":15},"end":{"line":15,"column":17}},"8":{"start":{"line":17,"column":4},"end":{"line":39,"column":5}},"9":{"start":{"line":18,"column":8},"end":{"line":24,"column":9}},"10":{"start":{"line":23,"column":12},"end":{"line":23,"column":21}},"11":{"start":{"line":26,"column":21},"end":{"line":26,"column":41}},"12":{"start":{"line":28,"column":8},"end":{"line":32,"column":9}},"13":{"start":{"line":31,"column":12},"end":{"line":31,"column":21}},"14":{"start":{"line":34,"column":8},"end":{"line":38,"column":24}},"15":{"start":{"line":41,"column":4},"end":{"line":41,"column":33}},"16":{"start":{"line":43,"column":4},"end":{"line":43,"column":16}}},"fnMap":{"0":{"name":"services","decl":{"start":{"line":1,"column":9},"end":{"line":1,"column":17}},"loc":{"start":{"line":1,"column":34},"end":{"line":44,"column":1}},"line":1}},"branchMap":{"0":{"loc":{"start":{"line":2,"column":4},"end":{"line":4,"column":5}},"type":"if","locations":[{"start":{"line":2,"column":4},"end":{"line":4,"column":5}},{"start":{},"end":{}}],"line":2},"1":{"loc":{"start":{"line":2,"column":8},"end":{"line":2,"column":55}},"type":"binary-expr","locations":[{"start":{"line":2,"column":8},"end":{"line":2,"column":36}},{"start":{"line":2,"column":40},"end":{"line":2,"column":55}}],"line":2},"2":{"loc":{"start":{"line":5,"column":4},"end":{"line":7,"column":5}},"type":"if","locations":[{"start":{"line":5,"column":4},"end":{"line":7,"column":5}},{"start":{},"end":{}}],"line":5},"3":{"loc":{"start":{"line":5,"column":8},"end":{"line":5,"column":49}},"type":"binary-expr","locations":[{"start":{"line":5,"column":8},"end":{"line":5,"column":28}},{"start":{"line":5,"column":32},"end":{"line":5,"column":49}}],"line":5},"4":{"loc":{"start":{"line":11,"column":4},"end":{"line":13,"column":5}},"type":"if","locations":[{"start":{"line":11,"column":4},"end":{"line":13,"column":5}},{"start":{},"end":{}}],"line":11},"5":{"loc":{"start":{"line":18,"column":8},"end":{"line":24,"column":9}},"type":"if","locations":[{"start":{"line":18,"column":8},"end":{"line":24,"column":9}},{"start":{},"end":{}}],"line":18},"6":{"loc":{"start":{"line":19,"column":12},"end":{"line":21,"column":34}},"type":"binary-expr","locations":[{"start":{"line":19,"column":12},"end":{"line":19,"column":39}},{"start":{"line":20,"column":12},"end":{"line":20,"column":28}},{"start":{"line":21,"column":12},"end":{"line":21,"column":34}}],"line":19},"7":{"loc":{"start":{"line":28,"column":8},"end":{"line":32,"column":9}},"type":"if","locations":[{"start":{"line":28,"column":8},"end":{"line":32,"column":9}},{"start":{},"end":{}}],"line":28}},"s":{"0":20,"1":7,"2":13,"3":9,"4":4,"5":4,"6":2,"7":2,"8":2,"9":8,"10":7,"11":1,"12":1,"13":0,"14":1,"15":2,"16":2},"f":{"0":20},"b":{"0":[7,13],"1":[20,14],"2":[9,4],"3":[13,5],"4":[2,2],"5":[7,1],"6":[8,3,2],"7":[0,1]},"_coverageSchema":"1a1c01bbd47fc00a2c39e90264f33305004495a9","hash":"950f234f1ad0d009510660fb04f4162982e137f1"}
}
