TN:
SF:data/etLinesIconsData.js
FNF:0
FNH:0
DA:1,1
LF:1
LH:1
BRF:0
BRH:0
end_of_record
TN:
SF:js/components/services.js
FN:3,isNonEmptyString
FN:7,containsAllowedSymbols
FN:21,services
FNF:3
FNH:3
FNDA:35,isNonEmptyString
FNDA:11,containsAllowedSymbols
FNDA:24,services
DA:4,35
DA:9,11
DA:12,11
DA:13,478
DA:14,1
DA:18,10
DA:22,24
DA:23,6
DA:26,18
DA:27,9
DA:30,9
DA:32,9
DA:33,2
DA:36,7
DA:38,7
DA:39,25
DA:44,7
DA:47,18
DA:49,18
DA:58,14
DA:61,4
DA:68,7
DA:70,7
LF:23
LH:23
BRDA:4,0,0,35
BRDA:4,0,1,31
BRDA:7,1,0,0
BRDA:13,2,0,1
BRDA:13,2,1,477
BRDA:22,3,0,6
BRDA:22,3,1,18
BRDA:22,4,0,24
BRDA:22,4,1,19
BRDA:26,5,0,9
BRDA:26,5,1,9
BRDA:26,6,0,18
BRDA:26,6,1,10
BRDA:32,7,0,2
BRDA:32,7,1,7
BRDA:39,8,0,7
BRDA:39,8,1,18
BRDA:40,9,0,25
BRDA:40,9,1,20
BRDA:40,9,2,19
BRDA:49,10,0,14
BRDA:49,10,1,4
BRDA:50,11,0,18
BRDA:50,11,1,14
BRDA:50,11,2,12
BRDA:50,11,3,9
BRDA:50,11,4,6
BRDA:50,11,5,5
BRDA:50,11,6,5
BRF:29
BRH:28
end_of_record
